<?xml version="1.0" encoding="UTF-8"?>
<testng-results skipped="0" failed="1" total="1" passed="0">
  <reporter-output>
  </reporter-output>
  <suite name="Default suite" duration-ms="33691" started-at="2016-04-18T21:59:00Z" finished-at="2016-04-18T21:59:34Z">
    <groups>
      <group name="functional">
        <method signature="ToolsQALoginTest.testMetaLinkSiteAdmin()[pri:0, instance:com.selenium.samples.airline.test.ToolsQALoginTest@3cb5cdba]" name="testMetaLinkSiteAdmin" class="com.selenium.samples.airline.test.ToolsQALoginTest"/>
      </group> <!-- functional -->
    </groups>
    <test name="Default test" duration-ms="33691" started-at="2016-04-18T21:59:00Z" finished-at="2016-04-18T21:59:34Z">
      <class name="com.selenium.samples.airline.test.ToolsQALoginTest">
        <test-method status="PASS" signature="init()[pri:0, instance:com.selenium.samples.airline.test.ToolsQALoginTest@3cb5cdba]" name="init" is-config="true" duration-ms="2163" started-at="2016-04-18T14:59:00Z" finished-at="2016-04-18T14:59:02Z">
          <reporter-output>
          </reporter-output>
        </test-method> <!-- init -->
        <test-method status="FAIL" signature="testMetaLinkSiteAdmin()[pri:0, instance:com.selenium.samples.airline.test.ToolsQALoginTest@3cb5cdba]" name="testMetaLinkSiteAdmin" duration-ms="31443" started-at="2016-04-18T14:59:02Z" finished-at="2016-04-18T14:59:34Z">
          <exception class="org.openqa.selenium.TimeoutException">
            <message>
              <![CDATA[Timed out after 25 seconds waiting for com.selenium.samples.airline.test.page.BasePage$1@2205a05d
Build info: version: '2.52.0', revision: '4c2593cfc3689a7fcd7be52549167e5ccc93ad28', time: '2016-02-11 11:22:43'
System info: host: 'Divyas-MacBook-Pro.local', ip: '10.0.0.176', os.name: 'Mac OS X', os.arch: 'x86_64', os.version: '10.9.5', java.version: '1.8.0_74'
Driver info: org.openqa.selenium.firefox.FirefoxDriver
Capabilities [{applicationCacheEnabled=true, rotatable=false, handlesAlerts=true, databaseEnabled=true, version=45.0.2, platform=MAC, nativeEvents=false, acceptSslCerts=true, webStorageEnabled=true, locationContextEnabled=true, browserName=firefox, takesScreenshot=true, javascriptEnabled=true, cssSelectorsEnabled=true}]
Session ID: 62a23a27-a3a0-cf42-b0e2-dd6ff2b0d791]]>
            </message>
            <full-stacktrace>
              <![CDATA[org.openqa.selenium.TimeoutException: Timed out after 25 seconds waiting for com.selenium.samples.airline.test.page.BasePage$1@2205a05d
Build info: version: '2.52.0', revision: '4c2593cfc3689a7fcd7be52549167e5ccc93ad28', time: '2016-02-11 11:22:43'
System info: host: 'Divyas-MacBook-Pro.local', ip: '10.0.0.176', os.name: 'Mac OS X', os.arch: 'x86_64', os.version: '10.9.5', java.version: '1.8.0_74'
Driver info: org.openqa.selenium.firefox.FirefoxDriver
Capabilities [{applicationCacheEnabled=true, rotatable=false, handlesAlerts=true, databaseEnabled=true, version=45.0.2, platform=MAC, nativeEvents=false, acceptSslCerts=true, webStorageEnabled=true, locationContextEnabled=true, browserName=firefox, takesScreenshot=true, javascriptEnabled=true, cssSelectorsEnabled=true}]
Session ID: 62a23a27-a3a0-cf42-b0e2-dd6ff2b0d791
	at org.openqa.selenium.support.ui.WebDriverWait.timeoutException(WebDriverWait.java:80)
	at org.openqa.selenium.support.ui.FluentWait.until(FluentWait.java:261)
	at org.openqa.selenium.support.ui.FluentWait.until(FluentWait.java:205)
	at com.selenium.samples.airline.test.page.BasePage.waitForPageLoadUntilURLContains(BasePage.java:30)
	at com.selenium.samples.airline.test.ToolsQALoginTest.testMetaLinkSiteAdmin(ToolsQALoginTest.java:59)
	at sun.reflect.NativeMethodAccessorImpl.invoke0(Native Method)
	at sun.reflect.NativeMethodAccessorImpl.invoke(NativeMethodAccessorImpl.java:62)
	at sun.reflect.DelegatingMethodAccessorImpl.invoke(DelegatingMethodAccessorImpl.java:43)
	at java.lang.reflect.Method.invoke(Method.java:498)
	at org.testng.internal.MethodInvocationHelper.invokeMethod(MethodInvocationHelper.java:84)
	at org.testng.internal.Invoker.invokeMethod(Invoker.java:714)
	at org.testng.internal.Invoker.invokeTestMethod(Invoker.java:901)
	at org.testng.internal.Invoker.invokeTestMethods(Invoker.java:1231)
	at org.testng.internal.TestMethodWorker.invokeTestMethods(TestMethodWorker.java:127)
	at org.testng.internal.TestMethodWorker.run(TestMethodWorker.java:111)
	at org.testng.TestRunner.privateRun(TestRunner.java:767)
	at org.testng.TestRunner.run(TestRunner.java:617)
	at org.testng.SuiteRunner.runTest(SuiteRunner.java:334)
	at org.testng.SuiteRunner.runSequentially(SuiteRunner.java:329)
	at org.testng.SuiteRunner.privateRun(SuiteRunner.java:291)
	at org.testng.SuiteRunner.run(SuiteRunner.java:240)
	at org.testng.SuiteRunnerWorker.runSuite(SuiteRunnerWorker.java:52)
	at org.testng.SuiteRunnerWorker.run(SuiteRunnerWorker.java:86)
	at org.testng.TestNG.runSuitesSequentially(TestNG.java:1224)
	at org.testng.TestNG.runSuitesLocally(TestNG.java:1149)
	at org.testng.TestNG.run(TestNG.java:1057)
	at org.testng.remote.RemoteTestNG.run(RemoteTestNG.java:111)
	at org.testng.remote.RemoteTestNG.initAndRun(RemoteTestNG.java:204)
	at org.testng.remote.RemoteTestNG.main(RemoteTestNG.java:175)
]]>
            </full-stacktrace>
          </exception> <!-- org.openqa.selenium.TimeoutException -->
          <reporter-output>
          </reporter-output>
        </test-method> <!-- testMetaLinkSiteAdmin -->
        <test-method status="PASS" signature="teardown()[pri:0, instance:com.selenium.samples.airline.test.ToolsQALoginTest@3cb5cdba]" name="teardown" is-config="true" duration-ms="71" started-at="2016-04-18T14:59:34Z" finished-at="2016-04-18T14:59:34Z">
          <reporter-output>
          </reporter-output>
        </test-method> <!-- teardown -->
      </class> <!-- com.selenium.samples.airline.test.ToolsQALoginTest -->
    </test> <!-- Default test -->
  </suite> <!-- Default suite -->
</testng-results>
